<?xml version="1.0" encoding="UTF-8"?>
<!-- Generated by org.testng.reporters.JUnitXMLReporter -->
<testsuite hostname="Piyush-PC" name="Default test" tests="1" failures="1" timestamp="10 Jun 2020 17:39:41 GMT" time="121.214" errors="0">
  <testcase name="automateVideoSessionsUsingSikuli" time="97.118" classname="testCases.DashboardPageTest">
    <failure type="org.sikuli.script.FindFailed" message="can not find P(/SikuliImages/pause.jpg) S: 0.7 in S(0)[0,0 1366x768]">
      <![CDATA[FindFailed: can not find P(/SikuliImages/pause.jpg) S: 0.7 in S(0)[0,0 1366x768]
  Line 2189, in file Region.java

	at org.sikuli.script.Region.handleFindFailedShowDialog(Region.java:2189)
	at org.sikuli.script.Region.handleFindFailed(Region.java:2134)
	at org.sikuli.script.Region.wait(Region.java:2546)
	at org.sikuli.script.Region.find(Region.java:2205)
	at org.sikuli.script.Region.getLocationFromTarget(Region.java:3067)
	at org.sikuli.script.Region.click(Region.java:3534)
	at org.sikuli.script.Region.click(Region.java:3519)
	at utils.SikuliClass.clickMethod(SikuliClass.java:14)
	at testCases.DashboardPageTest.automateVideoSessionsUsingSikuli(DashboardPageTest.java:69)
	at sun.reflect.NativeMethodAccessorImpl.invoke0(Native Method)
	at sun.reflect.NativeMethodAccessorImpl.invoke(Unknown Source)
	at sun.reflect.DelegatingMethodAccessorImpl.invoke(Unknown Source)
	at java.lang.reflect.Method.invoke(Unknown Source)
	at org.testng.internal.MethodInvocationHelper.invokeMethod(MethodInvocationHelper.java:86)
	at org.testng.internal.Invoker.invokeMethod(Invoker.java:645)
	at org.testng.internal.Invoker.invokeTestMethod(Invoker.java:822)
	at org.testng.internal.Invoker.invokeTestMethods(Invoker.java:1130)
	at org.testng.internal.TestMethodWorker.invokeTestMethods(TestMethodWorker.java:129)
	at org.testng.internal.TestMethodWorker.run(TestMethodWorker.java:112)
	at org.testng.TestRunner.privateRun(TestRunner.java:782)
	at org.testng.TestRunner.run(TestRunner.java:632)
	at org.testng.SuiteRunner.runTest(SuiteRunner.java:366)
	at org.testng.SuiteRunner.runSequentially(SuiteRunner.java:361)
	at org.testng.SuiteRunner.privateRun(SuiteRunner.java:319)
	at org.testng.SuiteRunner.run(SuiteRunner.java:268)
	at org.testng.SuiteRunnerWorker.runSuite(SuiteRunnerWorker.java:52)
	at org.testng.SuiteRunnerWorker.run(SuiteRunnerWorker.java:86)
	at org.testng.TestNG.runSuitesSequentially(TestNG.java:1244)
	at org.testng.TestNG.runSuitesLocally(TestNG.java:1169)
	at org.testng.TestNG.run(TestNG.java:1064)
	at org.testng.remote.RemoteTestNG.run(RemoteTestNG.java:113)
	at org.testng.remote.RemoteTestNG.initAndRun(RemoteTestNG.java:206)
	at org.testng.remote.RemoteTestNG.main(RemoteTestNG.java:177)
]]>
    </failure>
  </testcase> <!-- automateVideoSessionsUsingSikuli -->
</testsuite> <!-- Default test -->
