<?xml version="1.0" encoding="UTF-8"?>
<!-- Generated by org.testng.reporters.JUnitXMLReporter -->
<testsuite hostname="Piyush-PC" name="Test" tests="5" failures="0" timestamp="29 May 2020 17:20:47 GMT" time="123.297" errors="0">
  <testcase name="validateUserLoginElementsAreDisplayed" time="0.933" classname="testCases.LoginPageTest"/>
  <testcase name="validateUserLogin" time="8.027" classname="testCases.LoginPageTest"/>
  <testcase name="navigateToAdminPage" time="6.309" classname="testCases.DashboardPageTest"/>
  <testcase name="createNewMediaGroups" time="10.901" classname="testCases.Admin_SettingsPageTest"/>
  <testcase name="createNewUsers" time="18.39" classname="testCases.Admin_UserPageTest"/>
</testsuite> <!-- Test -->
