<?xml version="1.0" encoding="UTF-8"?>
<!-- Generated by org.testng.reporters.JUnitXMLReporter -->
<testsuite hostname="Piyush-PC" ignored="0" name="Test" tests="3" failures="0" timestamp="25 Jun 2020 17:22:44 GMT" time="73.178" errors="0">
  <testcase name="validateUserLoginElementsAreDisplayed" time="1.136" classname="testCases.LoginPageTest"/>
  <testcase name="validateBrokenLinks" time="31.162" classname="testCases.LoginPageTest"/>
  <testcase name="validateUserLogin" time="7.104" classname="testCases.LoginPageTest"/>
</testsuite> <!-- Test -->
