<?xml version="1.0" encoding="UTF-8"?>
<testng-results skipped="0" failed="0" ignored="0" total="3" passed="3">
  <reporter-output>
  </reporter-output>
  <suite name="Suite" duration-ms="73178" started-at="2020-06-25T17:21:31Z" finished-at="2020-06-25T17:22:44Z">
    <groups>
    </groups>
    <test name="Test" duration-ms="73178" started-at="2020-06-25T17:21:31Z" finished-at="2020-06-25T17:22:44Z">
      <class name="testCases.LoginPageTest">
        <test-method status="PASS" signature="testSetUp()[pri:0, instance:testCases.LoginPageTest@4edc67]" name="testSetUp" is-config="true" duration-ms="10500" started-at="2020-06-25T17:21:31Z" finished-at="2020-06-25T17:21:42Z">
          <reporter-output>
          </reporter-output>
        </test-method> <!-- testSetUp -->
        <test-method status="PASS" signature="validateUserLoginElementsAreDisplayed()[pri:0, instance:testCases.LoginPageTest@4edc67]" name="validateUserLoginElementsAreDisplayed" duration-ms="1136" started-at="2020-06-25T17:21:42Z" description="Verify login page elements are displayed" finished-at="2020-06-25T17:21:43Z">
          <reporter-output>
          </reporter-output>
        </test-method> <!-- validateUserLoginElementsAreDisplayed -->
        <test-method status="PASS" signature="tearDown()[pri:0, instance:testCases.LoginPageTest@4edc67]" name="tearDown" is-config="true" duration-ms="713" started-at="2020-06-25T17:21:43Z" finished-at="2020-06-25T17:21:43Z">
          <reporter-output>
          </reporter-output>
        </test-method> <!-- tearDown -->
        <test-method status="PASS" signature="testSetUp()[pri:0, instance:testCases.LoginPageTest@4edc67]" name="testSetUp" is-config="true" duration-ms="8788" started-at="2020-06-25T17:21:43Z" finished-at="2020-06-25T17:21:52Z">
          <reporter-output>
          </reporter-output>
        </test-method> <!-- testSetUp -->
        <test-method status="PASS" signature="validateBrokenLinks()[pri:1, instance:testCases.LoginPageTest@4edc67]" name="validateBrokenLinks" duration-ms="31162" started-at="2020-06-25T17:21:52Z" description="Verify if links are broken" finished-at="2020-06-25T17:22:23Z">
          <reporter-output>
          </reporter-output>
        </test-method> <!-- validateBrokenLinks -->
        <test-method status="PASS" signature="tearDown()[pri:0, instance:testCases.LoginPageTest@4edc67]" name="tearDown" is-config="true" duration-ms="659" started-at="2020-06-25T17:22:23Z" finished-at="2020-06-25T17:22:24Z">
          <reporter-output>
          </reporter-output>
        </test-method> <!-- tearDown -->
        <test-method status="PASS" signature="testSetUp()[pri:0, instance:testCases.LoginPageTest@4edc67]" name="testSetUp" is-config="true" duration-ms="12171" started-at="2020-06-25T17:22:24Z" finished-at="2020-06-25T17:22:36Z">
          <reporter-output>
          </reporter-output>
        </test-method> <!-- testSetUp -->
        <test-method status="PASS" signature="validateUserLogin()[pri:2, instance:testCases.LoginPageTest@4edc67]" name="validateUserLogin" duration-ms="7104" started-at="2020-06-25T17:22:36Z" description="Verify login functionality" finished-at="2020-06-25T17:22:43Z">
          <reporter-output>
          </reporter-output>
        </test-method> <!-- validateUserLogin -->
        <test-method status="PASS" signature="tearDown()[pri:0, instance:testCases.LoginPageTest@4edc67]" name="tearDown" is-config="true" duration-ms="672" started-at="2020-06-25T17:22:43Z" finished-at="2020-06-25T17:22:44Z">
          <reporter-output>
          </reporter-output>
        </test-method> <!-- tearDown -->
      </class> <!-- testCases.LoginPageTest -->
    </test> <!-- Test -->
  </suite> <!-- Suite -->
</testng-results>
