<?xml version="1.0" encoding="UTF-8"?>
<testsuite xmlns:xsi="http://www.w3.org/2001/XMLSchema-instance" xsi:schemaLocation="https://maven.apache.org/surefire/maven-surefire-plugin/xsd/surefire-test-report.xsd" name="TestSuite" time="74.392" tests="3" errors="0" skipped="0" failures="0">
  <properties>
[...]
</properties>
  <testcase name="validateUserLoginElementsAreDisplayed" classname="testCases.LoginPageTest" time="1.137"/>
  <testcase name="validateBrokenLinks" classname="testCases.LoginPageTest" time="31.157"/>
  <testcase name="validateUserLogin" classname="testCases.LoginPageTest" time="7.105"/>
</testsuite>